<?xml version="1.0" encoding="UTF-8"?>
<testng-results ignored="0" total="3" passed="3" failed="0" skipped="0">
  <reporter-output>
  </reporter-output>
  <suite started-at="2023-07-29T22:15:53 IST" name="Default suite" finished-at="2023-07-29T22:15:57 IST" duration-ms="4586">
    <groups>
      <group name="cucumber">
        <method signature="AbstractTestNGCucumberTests.runScenario(io.cucumber.testng.PickleWrapper,io.cucumber.testng.FeatureWrapper)[pri:0, instance:RunnerPackage.CompaignRunner@3270d194]" name="runScenario" class="io.cucumber.testng.AbstractTestNGCucumberTests"/>
      </group> <!-- cucumber -->
    </groups>
    <test started-at="2023-07-29T22:15:53 IST" name="Default test" finished-at="2023-07-29T22:15:57 IST" duration-ms="4586">
      <class name="RunnerPackage.CompaignRunner">
        <test-method is-config="true" signature="setUpClass(org.testng.ITestContext)[pri:0, instance:RunnerPackage.CompaignRunner@3270d194]" started-at="2023-07-29T22:15:53 IST" name="setUpClass" finished-at="2023-07-29T22:15:54 IST" duration-ms="766" status="PASS">
          <params>
            <param index="0">
              <value>
                <![CDATA[org.testng.TestRunner@12a160c2]]>
              </value>
            </param>
          </params>
          <reporter-output>
          </reporter-output>
        </test-method> <!-- setUpClass -->
        <test-method signature="runScenario(io.cucumber.testng.PickleWrapper,io.cucumber.testng.FeatureWrapper)[pri:0, instance:RunnerPackage.CompaignRunner@3270d194]" started-at="2023-07-29T22:15:54 IST" name="runScenario" description="Runs Cucumber Scenarios" data-provider="scenarios" finished-at="2023-07-29T22:15:54 IST" duration-ms="144" status="PASS">
          <params>
            <param index="0">
              <value>
                <![CDATA["Create Compaign"]]>
              </value>
            </param>
            <param index="1">
              <value>
                <![CDATA["Compaign functionality"]]>
              </value>
            </param>
          </params>
          <reporter-output>
          </reporter-output>
        </test-method> <!-- runScenario -->
        <test-method signature="runScenario(io.cucumber.testng.PickleWrapper,io.cucumber.testng.FeatureWrapper)[pri:0, instance:RunnerPackage.CompaignRunner@3270d194]" started-at="2023-07-29T22:15:54 IST" name="runScenario" description="Runs Cucumber Scenarios" data-provider="scenarios" finished-at="2023-07-29T22:15:54 IST" duration-ms="24" status="PASS">
          <params>
            <param index="0">
              <value>
                <![CDATA["Schedule a compaign"]]>
              </value>
            </param>
            <param index="1">
              <value>
                <![CDATA["Compaign functionality"]]>
              </value>
            </param>
          </params>
          <reporter-output>
          </reporter-output>
        </test-method> <!-- runScenario -->
        <test-method signature="runScenario(io.cucumber.testng.PickleWrapper,io.cucumber.testng.FeatureWrapper)[pri:0, instance:RunnerPackage.CompaignRunner@3270d194]" started-at="2023-07-29T22:15:54 IST" name="runScenario" description="Runs Cucumber Scenarios" data-provider="scenarios" finished-at="2023-07-29T22:15:54 IST" duration-ms="29" status="PASS">
          <params>
            <param index="0">
              <value>
                <![CDATA["Validate Compaign details"]]>
              </value>
            </param>
            <param index="1">
              <value>
                <![CDATA["Compaign functionality"]]>
              </value>
            </param>
          </params>
          <reporter-output>
          </reporter-output>
        </test-method> <!-- runScenario -->
        <test-method is-config="true" signature="tearDownClass()[pri:0, instance:RunnerPackage.CompaignRunner@3270d194]" started-at="2023-07-29T22:15:54 IST" name="tearDownClass" finished-at="2023-07-29T22:15:57 IST" duration-ms="3561" status="PASS">
          <reporter-output>
          </reporter-output>
        </test-method> <!-- tearDownClass -->
      </class> <!-- RunnerPackage.CompaignRunner -->
    </test> <!-- Default test -->
  </suite> <!-- Default suite -->
</testng-results>
